<?xml version="1.0" encoding="UTF-8"?>
<!-- Generated by org.testng.reporters.JUnitReportReporter -->
<testsuite skipped="0" hostname="CBT-MH-000" name="Automation.Travelers.flightTest" tests="1" failures="0" timestamp="12 Oct 2019 06:30:53 GMT" time="22.485" errors="0">
  <testcase name="test" time="22.485" classname="Automation.Travelers.flightTest"/>
</testsuite> <!-- Automation.Travelers.flightTest -->
