<?xml version="1.0" encoding="UTF-8"?>
<!-- Generated by org.testng.reporters.JUnitReportReporter -->
<testsuite skipped="0" hostname="CBT-MH-000" name="Automation.Travelers.Testcase2" tests="1" failures="0" timestamp="12 Oct 2019 06:29:48 GMT" time="17.577" errors="0">
  <testcase name="Login" time="17.577" classname="Automation.Travelers.Testcase2"/>
</testsuite> <!-- Automation.Travelers.Testcase2 -->
