<?xml version="1.0" encoding="UTF-8"?>
<!-- Generated by org.testng.reporters.JUnitReportReporter -->
<testsuite skipped="0" hostname="CBT-MH-000" name="Automation.Travelers.Testcase1" tests="1" failures="0" timestamp="12 Oct 2019 06:29:08 GMT" time="15.980" errors="0">
  <testcase name="userRegistration" time="15.980" classname="Automation.Travelers.Testcase1"/>
</testsuite> <!-- Automation.Travelers.Testcase1 -->
